app/build/intermediates/manifest_merge_blame_file/debug/manifest-merger-blame-debug-report.txt
1<?xml version="1.0" encoding="utf-8"?>
2<manifest xmlns:android="http://schemas.android.com/apk/res/android"
3    package="com.bn.driversystem_android"
4    android:versionCode="1"
5    android:versionName="1.0" >
6
7    <uses-sdk
7-->src\main\AndroidManifest.xml:6:5-46
8        android:minSdkVersion="8"
8-->src\main\AndroidManifest.xml:6:5-46
9        android:targetSdkVersion="8" />
9-->src\main\AndroidManifest.xml:6:15-43
10
11    <uses-permission android:name="android.permission.ACCESS_COARSE_LOCATION" >
11-->src\main\AndroidManifest.xml:154:6-155:23
11-->src\main\AndroidManifest.xml:154:23-79
12    </uses-permission>
13    <uses-permission android:name="android.permission.ACCESS_FINE_LOCATION" >
13-->src\main\AndroidManifest.xml:156:5-157:23
13-->src\main\AndroidManifest.xml:156:22-76
14    </uses-permission>
15    <uses-permission android:name="android.permission.ACCESS_WIFI_STATE" >
15-->src\main\AndroidManifest.xml:158:5-159:23
15-->src\main\AndroidManifest.xml:158:22-73
16    </uses-permission>
17    <uses-permission android:name="android.permission.ACCESS_NETWORK_STATE" >
17-->src\main\AndroidManifest.xml:160:5-161:23
17-->src\main\AndroidManifest.xml:160:22-76
18    </uses-permission>
19    <uses-permission android:name="android.permission.CHANGE_WIFI_STATE" >
19-->src\main\AndroidManifest.xml:162:5-163:23
19-->src\main\AndroidManifest.xml:162:22-73
20    </uses-permission>
21    <uses-permission android:name="android.permission.READ_PHONE_STATE" >
21-->src\main\AndroidManifest.xml:164:5-165:23
21-->src\main\AndroidManifest.xml:164:22-72
22    </uses-permission>
23    <uses-permission android:name="android.permission.WRITE_EXTERNAL_STORAGE" >
23-->src\main\AndroidManifest.xml:166:5-167:23
23-->src\main\AndroidManifest.xml:166:22-78
24    </uses-permission>
25    <uses-permission android:name="android.permission.INTERNET" />
25-->src\main\AndroidManifest.xml:168:5-67
25-->src\main\AndroidManifest.xml:168:22-64
26    <uses-permission android:name="android.permission.MOUNT_UNMOUNT_FILESYSTEMS" >
26-->src\main\AndroidManifest.xml:169:5-170:23
26-->src\main\AndroidManifest.xml:169:22-81
27    </uses-permission>
28    <uses-permission android:name="android.permission.READ_LOGS" >
28-->src\main\AndroidManifest.xml:171:5-172:23
28-->src\main\AndroidManifest.xml:171:22-65
29    </uses-permission>
30    <uses-permission android:name="android.permission.VIBRATE" />
30-->src\main\AndroidManifest.xml:173:5-66
30-->src\main\AndroidManifest.xml:173:22-63
31    <uses-permission android:name="android.permission.WAKE_LOCK" />
31-->src\main\AndroidManifest.xml:174:5-68
31-->src\main\AndroidManifest.xml:174:22-65
32    <uses-permission android:name="android.permission.WRITE_SETTINGS" />
32-->src\main\AndroidManifest.xml:175:5-73
32-->src\main\AndroidManifest.xml:175:22-70
33    <uses-permission android:name="android.permission.CAMERA" />
33-->src\main\AndroidManifest.xml:177:6-65
33-->src\main\AndroidManifest.xml:177:23-63
34
35    <application
35-->src\main\AndroidManifest.xml:7:5-152:19
36        android:name="com.bn.School.sortlistview.Location"
36-->src\main\AndroidManifest.xml:8:9-59
37        android:allowBackup="true"
37-->src\main\AndroidManifest.xml:9:9-35
38        android:debuggable="true"
39        android:icon="@drawable/logo"
39-->src\main\AndroidManifest.xml:10:9-38
40        android:label="@string/app_name"
40-->src\main\AndroidManifest.xml:11:9-41
41        android:networkSecurityConfig="@xml/network_security_config"
41-->src\main\AndroidManifest.xml:12:9-69
42        android:testOnly="true"
43        android:theme="@style/AppTheme" >
43-->src\main\AndroidManifest.xml:13:9-40
44        <activity
44-->src\main\AndroidManifest.xml:14:9-26:20
45            android:name="com.bn.driversystem_android.SplashActivity"
45-->src\main\AndroidManifest.xml:15:13-70
46            android:configChanges="keyboardHidden"
46-->src\main\AndroidManifest.xml:16:13-51
47            android:label="@string/app_name"
47-->src\main\AndroidManifest.xml:17:13-45
48            android:launchMode="singleTask"
48-->src\main\AndroidManifest.xml:18:13-44
49            android:screenOrientation="portrait"
49-->src\main\AndroidManifest.xml:19:13-49
50            android:theme="@android:style/Theme.NoTitleBar.Fullscreen" >
50-->src\main\AndroidManifest.xml:20:13-71
51            <intent-filter>
51-->src\main\AndroidManifest.xml:21:13-25:29
52                <action android:name="android.intent.action.MAIN" />
52-->src\main\AndroidManifest.xml:22:17-69
52-->src\main\AndroidManifest.xml:22:25-66
53
54                <category android:name="android.intent.category.LAUNCHER" />
54-->src\main\AndroidManifest.xml:24:17-77
54-->src\main\AndroidManifest.xml:24:27-74
55            </intent-filter>
56        </activity>
57        <activity
57-->src\main\AndroidManifest.xml:27:9-31:74
58            android:name="com.bn.driversystem_android.GuideActivity"
58-->src\main\AndroidManifest.xml:28:13-69
59            android:configChanges="keyboardHidden"
59-->src\main\AndroidManifest.xml:29:13-51
60            android:screenOrientation="portrait"
60-->src\main\AndroidManifest.xml:30:13-49
61            android:theme="@android:style/Theme.NoTitleBar.Fullscreen" />
61-->src\main\AndroidManifest.xml:31:13-71
62        <activity android:name="com.bn.driversystem_android.MainActivity" />
62-->src\main\AndroidManifest.xml:32:9-86
62-->src\main\AndroidManifest.xml:32:19-74
63        <activity
63-->src\main\AndroidManifest.xml:33:9-121
64            android:name="com.bn.driversystem_android.KeMuyiActivity"
64-->src\main\AndroidManifest.xml:33:19-76
65            android:theme="@style/Anim_fade" />
65-->src\main\AndroidManifest.xml:33:77-109
66        <activity
66-->src\main\AndroidManifest.xml:34:9-121
67            android:name="com.bn.driversystem_android.KeMuerActivity"
67-->src\main\AndroidManifest.xml:34:19-76
68            android:theme="@style/Anim_fade" />
68-->src\main\AndroidManifest.xml:34:77-109
69        <activity
69-->src\main\AndroidManifest.xml:35:9-121
70            android:name="com.bn.driversystem_android.KeMusiActivity"
70-->src\main\AndroidManifest.xml:35:19-76
71            android:theme="@style/Anim_fade" />
71-->src\main\AndroidManifest.xml:35:77-109
72        <activity
72-->src\main\AndroidManifest.xml:37:9-125
73            android:name="com.bn.driversystem_android.CheYouQuanActivity"
73-->src\main\AndroidManifest.xml:37:19-80
74            android:theme="@style/Anim_fade" />
74-->src\main\AndroidManifest.xml:37:81-113
75        <activity android:name="com.bn.driversystem_android.SlidingMenu" />
75-->src\main\AndroidManifest.xml:39:9-85
75-->src\main\AndroidManifest.xml:39:19-73
76        <activity android:name="com.bn.utils.L" />
76-->src\main\AndroidManifest.xml:42:9-60
76-->src\main\AndroidManifest.xml:42:19-48
77        <activity android:name="com.bn.utils.ScreenUtils" />
77-->src\main\AndroidManifest.xml:43:9-70
77-->src\main\AndroidManifest.xml:43:19-58
78        <activity android:name="com.bn.utils.Exit" />
78-->src\main\AndroidManifest.xml:44:9-63
78-->src\main\AndroidManifest.xml:44:19-51
79        <activity android:name="com.bn.Begin.ChooseCar" />
79-->src\main\AndroidManifest.xml:47:9-68
79-->src\main\AndroidManifest.xml:47:19-56
80        <activity android:name="com.bn.Begin.ChooseSchool" />
80-->src\main\AndroidManifest.xml:48:9-71
80-->src\main\AndroidManifest.xml:48:19-59
81
82        <service
82-->src\main\AndroidManifest.xml:49:9-57:19
83            android:name="com.baidu.location.f"
83-->src\main\AndroidManifest.xml:50:13-48
84            android:enabled="true"
84-->src\main\AndroidManifest.xml:51:13-35
85            android:process=":remote" >
85-->src\main\AndroidManifest.xml:52:13-38
86            <intent-filter>
86-->src\main\AndroidManifest.xml:53:13-56:29
87                <action android:name="com.baidu.location.service_v2.2" >
87-->src\main\AndroidManifest.xml:54:17-55:26
87-->src\main\AndroidManifest.xml:54:25-71
88                </action>
89            </intent-filter>
90        </service>
91
92        <activity android:name="com.bn.Begin.Login_Begin_FromCheYouQuan" />
92-->src\main\AndroidManifest.xml:58:9-85
92-->src\main\AndroidManifest.xml:58:19-73
93        <activity android:name="com.bn.Begin.Login_Begin_PerSon" />
93-->src\main\AndroidManifest.xml:59:10-78
93-->src\main\AndroidManifest.xml:59:20-66
94        <activity android:name="com.bn.Begin.Login_ZhuCe" />
94-->src\main\AndroidManifest.xml:60:9-70
94-->src\main\AndroidManifest.xml:60:19-58
95        <activity android:name="com.bn.Begin.Login_ZhaoHuiMiMa" />
95-->src\main\AndroidManifest.xml:62:9-76
95-->src\main\AndroidManifest.xml:62:19-64
96        <activity android:name="com.bn.Begin.ChooseCar_Begin" />
96-->src\main\AndroidManifest.xml:63:9-74
96-->src\main\AndroidManifest.xml:63:19-62
97        <activity android:name="com.bn.Begin.ChooseSchool_Begin" />
97-->src\main\AndroidManifest.xml:64:9-77
97-->src\main\AndroidManifest.xml:64:19-65
98        <activity android:name="com.bn.Begin.GuanYu_WoMen" />
98-->src\main\AndroidManifest.xml:65:9-71
98-->src\main\AndroidManifest.xml:65:19-59
99        <activity android:name="com.bn.Begin.UpDate_NiCheng" />
99-->src\main\AndroidManifest.xml:66:9-73
99-->src\main\AndroidManifest.xml:66:19-61
100        <activity android:name="com.bn.Begin.UpDate_Phone" />
100-->src\main\AndroidManifest.xml:67:9-71
100-->src\main\AndroidManifest.xml:67:19-59
101        <activity android:name="com.bn.Begin.SelectCity" />
101-->src\main\AndroidManifest.xml:68:9-69
101-->src\main\AndroidManifest.xml:68:19-57
102        <activity android:name="com.bn.Begin.PerSon_Home" />
102-->src\main\AndroidManifest.xml:69:9-70
102-->src\main\AndroidManifest.xml:69:19-58
103        <activity android:name="com.bn.picture.Picture_TouXiang" />
103-->src\main\AndroidManifest.xml:71:9-77
103-->src\main\AndroidManifest.xml:71:19-65
104        <activity android:name="com.example.sortlistview.CityList" />
104-->src\main\AndroidManifest.xml:73:9-74:73
104-->src\main\AndroidManifest.xml:74:13-61
105        <activity android:name="com.bn.School.sortlistview.SchoolList" />
105-->src\main\AndroidManifest.xml:76:9-83
105-->src\main\AndroidManifest.xml:76:19-71
106        <activity android:name="com.bn.driversystem_android.kemuyi.KykgActivity" />
106-->src\main\AndroidManifest.xml:78:9-93
106-->src\main\AndroidManifest.xml:78:19-81
107        <activity android:name="com.bn.driversystem_android.kemuyi.JtbzActivity" />
107-->src\main\AndroidManifest.xml:79:9-93
107-->src\main\AndroidManifest.xml:79:19-81
108        <activity android:name="com.bn.driversystem_android.kemuyi.JqfgActivity" />
108-->src\main\AndroidManifest.xml:80:9-93
108-->src\main\AndroidManifest.xml:80:19-81
109        <activity android:name="com.bn.driversystem_android.kemuyi.shoucangActivity" />
109-->src\main\AndroidManifest.xml:82:9-97
109-->src\main\AndroidManifest.xml:82:19-85
110        <activity android:name="com.bn.driversystem_android.kemuyi.shujuActivity" />
110-->src\main\AndroidManifest.xml:83:9-94
110-->src\main\AndroidManifest.xml:83:19-82
111        <activity android:name="com.bn.driversystem_android.kemuyi.cuotiActivity" />
111-->src\main\AndroidManifest.xml:84:9-94
111-->src\main\AndroidManifest.xml:84:19-82
112        <activity android:name="com.bn.driversystem_android.kemuyi.kaoshiActivity" />
112-->src\main\AndroidManifest.xml:85:9-95
112-->src\main\AndroidManifest.xml:85:19-83
113        <activity android:name="com.bn.driversystem_android.kemuyi.shunxuActivity" />
113-->src\main\AndroidManifest.xml:87:9-95
113-->src\main\AndroidManifest.xml:87:19-83
114        <activity android:name="com.bn.driversystem_android.kemuyi.fenleiActivity" />
114-->src\main\AndroidManifest.xml:88:9-95
114-->src\main\AndroidManifest.xml:88:19-83
115        <activity android:name="com.bn.driversystem_android.kemuyi.zhangjieXUANZE" />
115-->src\main\AndroidManifest.xml:89:9-95
115-->src\main\AndroidManifest.xml:89:19-83
116        <activity android:name="com.bn.driversystem_android.kemuyi.duoxiangdatiActivity" />
116-->src\main\AndroidManifest.xml:90:9-101
116-->src\main\AndroidManifest.xml:90:19-89
117        <activity android:name="com.bn.driversystem_android.kemuyi.KaoShiJieGuo_KeYi" />
117-->src\main\AndroidManifest.xml:91:9-98
117-->src\main\AndroidManifest.xml:91:19-86
118        <activity android:name="com.bn.driversystem_android.kemuyi.kaoshiBHYduo" />
118-->src\main\AndroidManifest.xml:93:9-93
118-->src\main\AndroidManifest.xml:93:19-81
119        <activity android:name="com.bn.driversystem_android.kemuyi.kaoshijiluActivity" />
119-->src\main\AndroidManifest.xml:94:9-99
119-->src\main\AndroidManifest.xml:94:19-87
120        <activity android:name="com.bn.wenzimiaoshu.miji_1Activity" />
120-->src\main\AndroidManifest.xml:99:9-80
120-->src\main\AndroidManifest.xml:99:19-68
121        <activity android:name="com.bn.wenzimiaoshu.miji_2Activity" />
121-->src\main\AndroidManifest.xml:100:9-80
121-->src\main\AndroidManifest.xml:100:19-68
122        <activity android:name="com.bn.wenzimiaoshu.miji_3Activity" />
122-->src\main\AndroidManifest.xml:101:9-80
122-->src\main\AndroidManifest.xml:101:19-68
123        <activity android:name="com.bn.wenzimiaoshu.miji_4Activity" />
123-->src\main\AndroidManifest.xml:102:9-80
123-->src\main\AndroidManifest.xml:102:19-68
124        <activity android:name="com.bn.wenzimiaoshu.miji_5Activity" />
124-->src\main\AndroidManifest.xml:103:9-80
124-->src\main\AndroidManifest.xml:103:19-68
125        <activity android:name="com.bn.wenzimiaoshu.miji_6Activity" />
125-->src\main\AndroidManifest.xml:104:9-80
125-->src\main\AndroidManifest.xml:104:19-68
126        <activity android:name="com.bn.wenzimiaoshu.miji_7Activity" />
126-->src\main\AndroidManifest.xml:105:9-80
126-->src\main\AndroidManifest.xml:105:19-68
127        <activity android:name="com.bn.wenzimiaoshu.miji_8Activity" />
127-->src\main\AndroidManifest.xml:106:9-80
127-->src\main\AndroidManifest.xml:106:19-68
128        <activity android:name="com.bn.wenzimiaoshu.miji_9Activity" />
128-->src\main\AndroidManifest.xml:107:9-80
128-->src\main\AndroidManifest.xml:107:19-68
129        <activity android:name="com.bn.driversystem_android.kemusi.KskgActivity" />
129-->src\main\AndroidManifest.xml:109:9-93
129-->src\main\AndroidManifest.xml:109:19-81
130        <activity android:name="com.bn.driversystem_android.kemusi.KsmjActivity" />
130-->src\main\AndroidManifest.xml:110:9-93
130-->src\main\AndroidManifest.xml:110:19-81
131        <activity android:name="com.bn.driversystem_android.kemusi.kesishoucangActivity" />
131-->src\main\AndroidManifest.xml:111:9-101
131-->src\main\AndroidManifest.xml:111:19-89
132        <activity android:name="com.bn.driversystem_android.kemusi.kesishujuActivity" />
132-->src\main\AndroidManifest.xml:112:9-98
132-->src\main\AndroidManifest.xml:112:19-86
133        <activity android:name="com.bn.driversystem_android.kemusi.kesicuotiActivity" />
133-->src\main\AndroidManifest.xml:113:9-98
133-->src\main\AndroidManifest.xml:113:19-86
134        <activity android:name="com.bn.driversystem_android.kemusi.kesikaoshiActivity" />
134-->src\main\AndroidManifest.xml:114:9-99
134-->src\main\AndroidManifest.xml:114:19-87
135        <activity android:name="com.bn.driversystem_android.kemusi.lianxiActivity" />
135-->src\main\AndroidManifest.xml:115:9-95
135-->src\main\AndroidManifest.xml:115:19-83
136        <activity android:name="com.bn.driversystem_android.kemuer.KeMuErKaoGui" />
136-->src\main\AndroidManifest.xml:119:9-93
136-->src\main\AndroidManifest.xml:119:19-81
137        <activity android:name="com.bn.driversystem_android.kemuer.KeMuErMiJi" />
137-->src\main\AndroidManifest.xml:120:9-91
137-->src\main\AndroidManifest.xml:120:19-79
138        <activity android:name="com.bn.driversystem_android.kemuer.KeMuSanKaoGui" />
138-->src\main\AndroidManifest.xml:121:9-94
138-->src\main\AndroidManifest.xml:121:19-82
139        <activity android:name="com.bn.wenzimiaoshu.KeMuErMiJi_KaoQianZhunBei" />
139-->src\main\AndroidManifest.xml:123:9-91
139-->src\main\AndroidManifest.xml:123:19-79
140        <activity android:name="com.bn.wenzimiaoshu.KeMuErMiJi_PoDao" />
140-->src\main\AndroidManifest.xml:124:8-81
140-->src\main\AndroidManifest.xml:124:18-69
141        <activity android:name="com.bn.wenzimiaoshu.KeMuErMiJi_DaoChe" />
141-->src\main\AndroidManifest.xml:125:8-82
141-->src\main\AndroidManifest.xml:125:18-70
142        <activity android:name="com.bn.wenzimiaoshu.KeMuErMiJi_CeFang" />
142-->src\main\AndroidManifest.xml:126:8-82
142-->src\main\AndroidManifest.xml:126:18-70
143        <activity android:name="com.bn.wenzimiaoshu.KeMuErMiJi_QuXian" />
143-->src\main\AndroidManifest.xml:127:8-82
143-->src\main\AndroidManifest.xml:127:18-70
144        <activity android:name="com.bn.wenzimiaoshu.KeMuErMiJi_ZhiXian" />
144-->src\main\AndroidManifest.xml:128:8-83
144-->src\main\AndroidManifest.xml:128:18-71
145        <activity android:name="com.bn.driversystem_android.kemuer.KeMuSanMiJi" />
145-->src\main\AndroidManifest.xml:130:8-91
145-->src\main\AndroidManifest.xml:130:18-79
146        <activity android:name="com.bn.wenzimiaoshu.KeMuSanMiJi_KouFen" />
146-->src\main\AndroidManifest.xml:131:7-82
146-->src\main\AndroidManifest.xml:131:17-70
147        <activity android:name="com.bn.wenzimiaoshu.KeMuSanMiJi_LuKaoKouJue" />
147-->src\main\AndroidManifest.xml:132:8-88
147-->src\main\AndroidManifest.xml:132:18-76
148        <activity android:name="com.bn.wenzimiaoshu.KeMuSanMiJi_QiBu" />
148-->src\main\AndroidManifest.xml:133:8-81
148-->src\main\AndroidManifest.xml:133:18-69
149        <activity android:name="com.bn.wenzimiaoshu.KeMuSanMiJi_JiaoCha" />
149-->src\main\AndroidManifest.xml:134:8-84
149-->src\main\AndroidManifest.xml:134:18-72
150        <activity android:name="com.bn.wenzimiaoshu.KeMuSanMiJi_DiaoTou" />
150-->src\main\AndroidManifest.xml:135:8-84
150-->src\main\AndroidManifest.xml:135:18-72
151        <activity android:name="com.bn.wenzimiaoshu.KeMuSanMiJi_YeKao" />
151-->src\main\AndroidManifest.xml:136:8-82
151-->src\main\AndroidManifest.xml:136:18-70
152        <activity android:name="com.bn.wenzimiaoshu.KeMuSanMiJi_WuZhao" />
152-->src\main\AndroidManifest.xml:137:8-83
152-->src\main\AndroidManifest.xml:137:18-71
153        <activity android:name="com.bn.wenzimiaoshu.KeMuSanMiJi_LuKaoMiJi" />
153-->src\main\AndroidManifest.xml:138:8-86
153-->src\main\AndroidManifest.xml:138:18-74
154        <activity android:name="com.bn.driversystem_android.cheyouquan.keyijiaoliuActivity" />
154-->src\main\AndroidManifest.xml:140:9-104
154-->src\main\AndroidManifest.xml:140:19-92
155        <activity android:name="com.bn.driversystem_android.cheyouquan.keerjiaoliuActivity" />
155-->src\main\AndroidManifest.xml:141:8-103
155-->src\main\AndroidManifest.xml:141:18-91
156        <activity android:name="com.bn.driversystem_android.cheyouquan.kesanjiaoliuActivity" />
156-->src\main\AndroidManifest.xml:142:8-104
156-->src\main\AndroidManifest.xml:142:18-92
157        <activity android:name="com.bn.driversystem_android.cheyouquan.kesijiaoliuActivity" />
157-->src\main\AndroidManifest.xml:143:8-103
157-->src\main\AndroidManifest.xml:143:18-91
158        <activity android:name="com.bn.driversystem_android.cheyouquan.jiaxiaozhaoshengActivity" />
158-->src\main\AndroidManifest.xml:144:8-108
158-->src\main\AndroidManifest.xml:144:18-96
159        <activity android:name="com.bn.driversystem_android.cheyouquan.cheliangjiaoyiActivity" />
159-->src\main\AndroidManifest.xml:145:8-106
159-->src\main\AndroidManifest.xml:145:18-94
160        <activity android:name="com.bn.driversystem_android.cheyouquan.keyireplyActivity" />
160-->src\main\AndroidManifest.xml:146:8-101
160-->src\main\AndroidManifest.xml:146:18-89
161        <activity android:name="com.bn.driversystem_android.cheyouquan.fabutiezi" />
161-->src\main\AndroidManifest.xml:147:8-93
161-->src\main\AndroidManifest.xml:147:18-81
162        <activity android:name="com.bn.shuju_tongji.ShuJu_TongJi_Main" />
162-->src\main\AndroidManifest.xml:149:8-82
162-->src\main\AndroidManifest.xml:149:18-70
163    </application>
164
165</manifest>